<?xml version="1.0" encoding="UTF-8"?>
<testng-results ignored="0" total="1" passed="1" failed="0" skipped="0">
  <reporter-output>
  </reporter-output>
  <suite started-at="2025-04-17T13:05:13 IST" name="Default suite" finished-at="2025-04-17T13:05:19 IST" duration-ms="5231">
    <groups>
    </groups>
    <test started-at="2025-04-17T13:05:13 IST" name="Default test" finished-at="2025-04-17T13:05:19 IST" duration-ms="5231">
      <class name="com.TestNG2.Amazon">
        <test-method signature="OpenAmazon()[pri:0, instance:com.TestNG2.Amazon@1a451d4d]" started-at="2025-04-17T13:05:13 IST" name="OpenAmazon" finished-at="2025-04-17T13:05:19 IST" duration-ms="5210" status="PASS">
          <reporter-output>
          </reporter-output>
        </test-method> <!-- OpenAmazon -->
      </class> <!-- com.TestNG2.Amazon -->
    </test> <!-- Default test -->
  </suite> <!-- Default suite -->
</testng-results>
